  actions.cpp
  admin.cpp
  allocator.cpp
  baseevents.cpp
  beds.cpp
  chat.cpp
  combat.cpp
  condition.cpp
D:\Documentos\3777-master\src\otpch.h(28,10): fatal error C1083: Não é possível abrir arquivo incluir: 'libxml/xmlmemory.h': No such file or directory (compilando arquivo de origem ..\actions.cpp)
D:\Documentos\3777-master\src\otpch.h(28,10): fatal error C1083: Não é possível abrir arquivo incluir: 'libxml/xmlmemory.h': No such file or directory (compilando arquivo de origem ..\combat.cpp)
D:\Documentos\3777-master\src\otpch.h(28,10): fatal error C1083: Não é possível abrir arquivo incluir: 'libxml/xmlmemory.h': No such file or directory (compilando arquivo de origem ..\baseevents.cpp)
D:\Documentos\3777-master\src\otpch.h(28,10): fatal error C1083: Não é possível abrir arquivo incluir: 'libxml/xmlmemory.h': No such file or directory (compilando arquivo de origem ..\beds.cpp)
D:\Documentos\3777-master\src\otpch.h(28,10): fatal error C1083: Não é possível abrir arquivo incluir: 'libxml/xmlmemory.h': No such file or directory (compilando arquivo de origem ..\condition.cpp)
D:\Documentos\3777-master\src\otpch.h(28,10): fatal error C1083: Não é possível abrir arquivo incluir: 'libxml/xmlmemory.h': No such file or directory (compilando arquivo de origem ..\chat.cpp)
  configmanager.cpp
  connection.cpp
D:\Documentos\3777-master\src\otpch.h(28,10): fatal error C1083: Não é possível abrir arquivo incluir: 'libxml/xmlmemory.h': No such file or directory (compilando arquivo de origem ..\connection.cpp)
D:\Documentos\3777-master\src\otpch.h(28,10): fatal error C1083: Não é possível abrir arquivo incluir: 'libxml/xmlmemory.h': No such file or directory (compilando arquivo de origem ..\configmanager.cpp)
  container.cpp
  creature.cpp
  creatureevent.cpp
  cylinder.cpp
D:\Documentos\3777-master\src\otpch.h(28,10): fatal error C1083: Não é possível abrir arquivo incluir: 'libxml/xmlmemory.h': No such file or directory (compilando arquivo de origem ..\container.cpp)
  database.cpp
  databasemanager.cpp
  databasemysql.cpp
  databasesqlite.cpp
D:\Documentos\3777-master\src\otpch.h(28,10): fatal error C1083: Não é possível abrir arquivo incluir: 'libxml/xmlmemory.h': No such file or directory (compilando arquivo de origem ..\creatureevent.cpp)
D:\Documentos\3777-master\src\otpch.h(28,10): fatal error C1083: Não é possível abrir arquivo incluir: 'libxml/xmlmemory.h': No such file or directory (compilando arquivo de origem ..\database.cpp)
D:\Documentos\3777-master\src\otpch.h(28,10): fatal error C1083: Não é possível abrir arquivo incluir: 'libxml/xmlmemory.h': No such file or directory (compilando arquivo de origem ..\databasemanager.cpp)
D:\Documentos\3777-master\src\otpch.h(28,10): fatal error C1083: Não é possível abrir arquivo incluir: 'libxml/xmlmemory.h': No such file or directory (compilando arquivo de origem ..\databasemysql.cpp)
D:\Documentos\3777-master\src\otpch.h(28,10): fatal error C1083: Não é possível abrir arquivo incluir: 'libxml/xmlmemory.h': No such file or directory (compilando arquivo de origem ..\creature.cpp)
D:\Documentos\3777-master\src\otpch.h(28,10): fatal error C1083: Não é possível abrir arquivo incluir: 'libxml/xmlmemory.h': No such file or directory (compilando arquivo de origem ..\cylinder.cpp)
  depot.cpp
  dispatcher.cpp
  exception.cpp
  fileloader.cpp
D:\Documentos\3777-master\src\otpch.h(28,10): fatal error C1083: Não é possível abrir arquivo incluir: 'libxml/xmlmemory.h': No such file or directory (compilando arquivo de origem ..\depot.cpp)
  game.cpp
  gameservers.cpp
  globalevent.cpp
D:\Documentos\3777-master\src\otpch.h(28,10): fatal error C1083: Não é possível abrir arquivo incluir: 'libxml/xmlmemory.h': No such file or directory (compilando arquivo de origem ..\dispatcher.cpp)
D:\Documentos\3777-master\src\otpch.h(28,10): fatal error C1083: Não é possível abrir arquivo incluir: 'libxml/xmlmemory.h': No such file or directory (compilando arquivo de origem ..\fileloader.cpp)
D:\Documentos\3777-master\src\otpch.h(28,10): fatal error C1083: Não é possível abrir arquivo incluir: 'libxml/xmlmemory.h': No such file or directory (compilando arquivo de origem ..\exception.cpp)
D:\Documentos\3777-master\src\otpch.h(28,10): fatal error C1083: Não é possível abrir arquivo incluir: 'libxml/xmlmemory.h': No such file or directory (compilando arquivo de origem ..\gameservers.cpp)
D:\Documentos\3777-master\src\otpch.h(28,10): fatal error C1083: Não é possível abrir arquivo incluir: 'libxml/xmlmemory.h': No such file or directory (compilando arquivo de origem ..\game.cpp)
D:\Documentos\3777-master\src\otpch.h(28,10): fatal error C1083: Não é possível abrir arquivo incluir: 'libxml/xmlmemory.h': No such file or directory (compilando arquivo de origem ..\globalevent.cpp)
  group.cpp
  house.cpp
  housetile.cpp
  ioban.cpp
  ioguild.cpp
  iologindata.cpp
  iomap.cpp
D:\Documentos\3777-master\src\otpch.h(28,10): fatal error C1083: Não é possível abrir arquivo incluir: 'libxml/xmlmemory.h': No such file or directory (compilando arquivo de origem ..\group.cpp)
  iomapserialize.cpp
D:\Documentos\3777-master\src\otpch.h(28,10): fatal error C1083: Não é possível abrir arquivo incluir: 'libxml/xmlmemory.h': No such file or directory (compilando arquivo de origem ..\housetile.cpp)
D:\Documentos\3777-master\src\otpch.h(28,10): fatal error C1083: Não é possível abrir arquivo incluir: 'libxml/xmlmemory.h': No such file or directory (compilando arquivo de origem ..\house.cpp)
D:\Documentos\3777-master\src\otpch.h(28,10): fatal error C1083: Não é possível abrir arquivo incluir: 'libxml/xmlmemory.h': No such file or directory (compilando arquivo de origem ..\iologindata.cpp)
D:\Documentos\3777-master\src\otpch.h(28,10): fatal error C1083: Não é possível abrir arquivo incluir: 'libxml/xmlmemory.h': No such file or directory (compilando arquivo de origem ..\iomap.cpp)
D:\Documentos\3777-master\src\otpch.h(28,10): fatal error C1083: Não é possível abrir arquivo incluir: 'libxml/xmlmemory.h': No such file or directory (compilando arquivo de origem ..\ioban.cpp)
D:\Documentos\3777-master\src\otpch.h(28,10): fatal error C1083: Não é possível abrir arquivo incluir: 'libxml/xmlmemory.h': No such file or directory (compilando arquivo de origem ..\ioguild.cpp)
  item.cpp
  itemattributes.cpp
  items.cpp
  luascript.cpp
D:\Documentos\3777-master\src\otpch.h(28,10): fatal error C1083: Não é possível abrir arquivo incluir: 'libxml/xmlmemory.h': No such file or directory (compilando arquivo de origem ..\iomapserialize.cpp)
  mailbox.cpp
  manager.cpp
  map.cpp
D:\Documentos\3777-master\src\otpch.h(28,10): fatal error C1083: Não é possível abrir arquivo incluir: 'libxml/xmlmemory.h': No such file or directory (compilando arquivo de origem ..\luascript.cpp)
D:\Documentos\3777-master\src\otpch.h(28,10): fatal error C1083: Não é possível abrir arquivo incluir: 'libxml/xmlmemory.h': No such file or directory (compilando arquivo de origem ..\items.cpp)
D:\Documentos\3777-master\src\otpch.h(28,10): fatal error C1083: Não é possível abrir arquivo incluir: 'libxml/xmlmemory.h': No such file or directory (compilando arquivo de origem ..\item.cpp)
  monster.cpp
D:\Documentos\3777-master\src\otpch.h(28,10): fatal error C1083: Não é possível abrir arquivo incluir: 'libxml/xmlmemory.h': No such file or directory (compilando arquivo de origem ..\itemattributes.cpp)
D:\Documentos\3777-master\src\otpch.h(28,10): fatal error C1083: Não é possível abrir arquivo incluir: 'libxml/xmlmemory.h': No such file or directory (compilando arquivo de origem ..\mailbox.cpp)
D:\Documentos\3777-master\src\otpch.h(28,10): fatal error C1083: Não é possível abrir arquivo incluir: 'libxml/xmlmemory.h': No such file or directory (compilando arquivo de origem ..\manager.cpp)
D:\Documentos\3777-master\src\otpch.h(28,10): fatal error C1083: Não é possível abrir arquivo incluir: 'libxml/xmlmemory.h': No such file or directory (compilando arquivo de origem ..\map.cpp)
  monsters.cpp
  movement.cpp
  networkmessage.cpp
  npc.cpp
D:\Documentos\3777-master\src\otpch.h(28,10): fatal error C1083: Não é possível abrir arquivo incluir: 'libxml/xmlmemory.h': No such file or directory (compilando arquivo de origem ..\monster.cpp)
  otserv.cpp
D:\Documentos\3777-master\src\otpch.h(28,10): fatal error C1083: Não é possível abrir arquivo incluir: 'libxml/xmlmemory.h': No such file or directory (compilando arquivo de origem ..\npc.cpp)
D:\Documentos\3777-master\src\otpch.h(28,10): fatal error C1083: Não é possível abrir arquivo incluir: 'libxml/xmlmemory.h': No such file or directory (compilando arquivo de origem ..\monsters.cpp)
D:\Documentos\3777-master\src\otpch.h(28,10): fatal error C1083: Não é possível abrir arquivo incluir: 'libxml/xmlmemory.h': No such file or directory (compilando arquivo de origem ..\movement.cpp)
D:\Documentos\3777-master\src\otpch.h(28,10): fatal error C1083: Não é possível abrir arquivo incluir: 'libxml/xmlmemory.h': No such file or directory (compilando arquivo de origem ..\networkmessage.cpp)
D:\Documentos\3777-master\src\otpch.h(28,10): fatal error C1083: Não é possível abrir arquivo incluir: 'libxml/xmlmemory.h': No such file or directory (compilando arquivo de origem ..\otserv.cpp)
  outfit.cpp
  outputmessage.cpp
  party.cpp
  player.cpp
  position.cpp
  protocol.cpp
  protocolgame.cpp
D:\Documentos\3777-master\src\otpch.h(28,10): fatal error C1083: Não é possível abrir arquivo incluir: 'libxml/xmlmemory.h': No such file or directory (compilando arquivo de origem ..\party.cpp)
D:\Documentos\3777-master\src\otpch.h(28,10): fatal error C1083: Não é possível abrir arquivo incluir: 'libxml/xmlmemory.h': No such file or directory (compilando arquivo de origem ..\outputmessage.cpp)
  protocolhttp.cpp
D:\Documentos\3777-master\src\otpch.h(28,10): fatal error C1083: Não é possível abrir arquivo incluir: 'libxml/xmlmemory.h': No such file or directory (compilando arquivo de origem ..\outfit.cpp)
D:\Documentos\3777-master\src\otpch.h(28,10): fatal error C1083: Não é possível abrir arquivo incluir: 'libxml/xmlmemory.h': No such file or directory (compilando arquivo de origem ..\protocolgame.cpp)
D:\Documentos\3777-master\src\otpch.h(28,10): fatal error C1083: Não é possível abrir arquivo incluir: 'libxml/xmlmemory.h': No such file or directory (compilando arquivo de origem ..\player.cpp)
D:\Documentos\3777-master\src\otpch.h(28,10): fatal error C1083: Não é possível abrir arquivo incluir: 'libxml/xmlmemory.h': No such file or directory (compilando arquivo de origem ..\position.cpp)
D:\Documentos\3777-master\src\otpch.h(28,10): fatal error C1083: Não é possível abrir arquivo incluir: 'libxml/xmlmemory.h': No such file or directory (compilando arquivo de origem ..\protocol.cpp)
  protocollogin.cpp
  protocolold.cpp
  quests.cpp
  raids.cpp
  rsa.cpp
D:\Documentos\3777-master\src\otpch.h(28,10): fatal error C1083: Não é possível abrir arquivo incluir: 'libxml/xmlmemory.h': No such file or directory (compilando arquivo de origem ..\protocollogin.cpp)
D:\Documentos\3777-master\src\otpch.h(28,10): fatal error C1083: Não é possível abrir arquivo incluir: 'libxml/xmlmemory.h': No such file or directory (compilando arquivo de origem ..\protocolhttp.cpp)
  scheduler.cpp
D:\Documentos\3777-master\src\otpch.h(28,10): fatal error C1083: Não é possível abrir arquivo incluir: 'libxml/xmlmemory.h': No such file or directory (compilando arquivo de origem ..\rsa.cpp)
D:\Documentos\3777-master\src\otpch.h(28,10): fatal error C1083: Não é possível abrir arquivo incluir: 'libxml/xmlmemory.h': No such file or directory (compilando arquivo de origem ..\protocolold.cpp)
D:\Documentos\3777-master\src\otpch.h(28,10): fatal error C1083: Não é possível abrir arquivo incluir: 'libxml/xmlmemory.h': No such file or directory (compilando arquivo de origem ..\raids.cpp)
  scriptmanager.cpp
  server.cpp
  spawn.cpp
  spells.cpp
D:\Documentos\3777-master\src\otpch.h(28,10): fatal error C1083: Não é possível abrir arquivo incluir: 'libxml/xmlmemory.h': No such file or directory (compilando arquivo de origem ..\quests.cpp)
  status.cpp
  talkaction.cpp
D:\Documentos\3777-master\src\otpch.h(28,10): fatal error C1083: Não é possível abrir arquivo incluir: 'libxml/xmlmemory.h': No such file or directory (compilando arquivo de origem ..\scheduler.cpp)
D:\Documentos\3777-master\src\otpch.h(28,10): fatal error C1083: Não é possível abrir arquivo incluir: 'libxml/xmlmemory.h': No such file or directory (compilando arquivo de origem ..\scriptmanager.cpp)
D:\Documentos\3777-master\src\otpch.h(28,10): fatal error C1083: Não é possível abrir arquivo incluir: 'libxml/xmlmemory.h': No such file or directory (compilando arquivo de origem ..\server.cpp)
D:\Documentos\3777-master\src\otpch.h(28,10): fatal error C1083: Não é possível abrir arquivo incluir: 'libxml/xmlmemory.h': No such file or directory (compilando arquivo de origem ..\spawn.cpp)
D:\Documentos\3777-master\src\otpch.h(28,10): fatal error C1083: Não é possível abrir arquivo incluir: 'libxml/xmlmemory.h': No such file or directory (compilando arquivo de origem ..\spells.cpp)
  teleport.cpp
D:\Documentos\3777-master\src\otpch.h(28,10): fatal error C1083: Não é possível abrir arquivo incluir: 'libxml/xmlmemory.h': No such file or directory (compilando arquivo de origem ..\talkaction.cpp)
  textlogger.cpp
  thing.cpp
  tile.cpp
  trashholder.cpp
  vocation.cpp
  tools.cpp
D:\Documentos\3777-master\src\otpch.h(28,10): fatal error C1083: Não é possível abrir arquivo incluir: 'libxml/xmlmemory.h': No such file or directory (compilando arquivo de origem ..\status.cpp)
D:\Documentos\3777-master\src\otpch.h(28,10): fatal error C1083: Não é possível abrir arquivo incluir: 'libxml/xmlmemory.h': No such file or directory (compilando arquivo de origem ..\teleport.cpp)
D:\Documentos\3777-master\src\otpch.h(28,10): fatal error C1083: Não é possível abrir arquivo incluir: 'libxml/xmlmemory.h': No such file or directory (compilando arquivo de origem ..\thing.cpp)
D:\Documentos\3777-master\src\otpch.h(28,10): fatal error C1083: Não é possível abrir arquivo incluir: 'libxml/xmlmemory.h': No such file or directory (compilando arquivo de origem ..\vocation.cpp)
D:\Documentos\3777-master\src\otpch.h(28,10): fatal error C1083: Não é possível abrir arquivo incluir: 'libxml/xmlmemory.h': No such file or directory (compilando arquivo de origem ..\tile.cpp)
D:\Documentos\3777-master\src\otpch.h(28,10): fatal error C1083: Não é possível abrir arquivo incluir: 'libxml/xmlmemory.h': No such file or directory (compilando arquivo de origem ..\textlogger.cpp)
  waitlist.cpp
D:\Documentos\3777-master\src\otpch.h(28,10): fatal error C1083: Não é possível abrir arquivo incluir: 'libxml/xmlmemory.h': No such file or directory (compilando arquivo de origem ..\tools.cpp)
  weapons.cpp
D:\Documentos\3777-master\src\otpch.h(28,10): fatal error C1083: Não é possível abrir arquivo incluir: 'libxml/xmlmemory.h': No such file or directory (compilando arquivo de origem ..\trashholder.cpp)
D:\Documentos\3777-master\src\otpch.h(28,10): fatal error C1083: Não é possível abrir arquivo incluir: 'libxml/xmlmemory.h': No such file or directory (compilando arquivo de origem ..\waitlist.cpp)
D:\Documentos\3777-master\src\otpch.h(28,10): fatal error C1083: Não é possível abrir arquivo incluir: 'libxml/xmlmemory.h': No such file or directory (compilando arquivo de origem ..\weapons.cpp)
